<?xml version="1.0" encoding="UTF-8"?>
<!-- Generated by org.testng.reporters.JUnitXMLReporter -->
<testsuite ignored="0" hostname="NSL-6137" failures="0" tests="9" name="Default test" time="15.714" errors="0" timestamp="2024-03-12T17:04:05 IST">
  <testcase classname="api.test.DDTests" name="testPostUser" time="4.194"/>
  <testcase classname="api.test.DDTests" name="testPostUser" time="1.169"/>
  <testcase classname="api.test.DDTests" name="testPostUser" time="1.135"/>
  <testcase classname="api.test.DDTests" name="testGetUserByName" time="1.152"/>
  <testcase classname="api.test.DDTests" name="testGetUserByName" time="1.094"/>
  <testcase classname="api.test.DDTests" name="testGetUserByName" time="1.097"/>
  <testcase classname="api.test.DDTests" name="testDeleteUserByName" time="1.083"/>
  <testcase classname="api.test.DDTests" name="testDeleteUserByName" time="1.115"/>
  <testcase classname="api.test.DDTests" name="testDeleteUserByName" time="1.057"/>
</testsuite> <!-- Default test -->
