<?xml version="1.0" encoding="UTF-8"?>
<testng-results ignored="0" total="4" passed="4" failed="0" skipped="0">
  <reporter-output>
  </reporter-output>
  <suite started-at="2024-03-12T23:48:15 IST" name="PetSuite" finished-at="2024-03-12T23:48:26 IST" duration-ms="10464">
    <groups>
    </groups>
    <test started-at="2024-03-12T23:48:15 IST" name="PetTests" finished-at="2024-03-12T23:48:26 IST" duration-ms="10464">
      <class name="api.test.UserTests">
        <test-method is-config="true" signature="setUp()[pri:0, instance:api.test.UserTests@1a6d8329]" started-at="2024-03-12T23:48:16 IST" name="setUp" finished-at="2024-03-12T23:48:17 IST" duration-ms="1269" status="PASS">
          <reporter-output>
          </reporter-output>
        </test-method> <!-- setUp -->
        <test-method signature="testPostUser()[pri:1, instance:api.test.UserTests@1a6d8329]" started-at="2024-03-12T23:48:17 IST" name="testPostUser" finished-at="2024-03-12T23:48:21 IST" duration-ms="4021" status="PASS">
          <reporter-output>
          </reporter-output>
        </test-method> <!-- testPostUser -->
        <test-method signature="testGetUserByName()[pri:2, instance:api.test.UserTests@1a6d8329]" started-at="2024-03-12T23:48:21 IST" name="testGetUserByName" finished-at="2024-03-12T23:48:22 IST" duration-ms="1159" status="PASS">
          <reporter-output>
          </reporter-output>
        </test-method> <!-- testGetUserByName -->
        <test-method signature="testUpdateUserByName()[pri:3, instance:api.test.UserTests@1a6d8329]" started-at="2024-03-12T23:48:22 IST" name="testUpdateUserByName" finished-at="2024-03-12T23:48:25 IST" duration-ms="2318" status="PASS">
          <reporter-output>
          </reporter-output>
        </test-method> <!-- testUpdateUserByName -->
        <test-method signature="testDeleteUserByName()[pri:4, instance:api.test.UserTests@1a6d8329]" started-at="2024-03-12T23:48:25 IST" name="testDeleteUserByName" finished-at="2024-03-12T23:48:26 IST" duration-ms="1095" status="PASS">
          <reporter-output>
          </reporter-output>
        </test-method> <!-- testDeleteUserByName -->
      </class> <!-- api.test.UserTests -->
    </test> <!-- PetTests -->
  </suite> <!-- PetSuite -->
</testng-results>
