<?xml version="1.0" encoding="UTF-8"?>
<!-- Generated by org.testng.reporters.JUnitXMLReporter -->
<testsuite ignored="0" hostname="NSL-6137" failures="0" tests="4" name="PetTests" time="10.464" errors="0" timestamp="2024-03-12T23:48:26 IST">
  <testcase classname="api.test.UserTests" name="testPostUser" time="4.021"/>
  <testcase classname="api.test.UserTests" name="testGetUserByName" time="1.159"/>
  <testcase classname="api.test.UserTests" name="testUpdateUserByName" time="2.318"/>
  <testcase classname="api.test.UserTests" name="testDeleteUserByName" time="1.095"/>
</testsuite> <!-- PetTests -->
